<?xml version="1.0" encoding="UTF-8"?>
<testsuite xmlns:xsi="http://www.w3.org/2001/XMLSchema-instance" xsi:noNamespaceSchemaLocation="https://maven.apache.org/surefire/maven-surefire-plugin/xsd/surefire-test-report.xsd" name="com.now.mavendemo1.AppTest" time="0.081" tests="1" errors="0" skipped="0" failures="0">
  <properties>
    <property name="sun.desktop" value="windows"/>
    <property name="awt.toolkit" value="sun.awt.windows.WToolkit"/>
    <property name="file.encoding.pkg" value="sun.io"/>
    <property name="java.specification.version" value="1.8"/>
    <property name="sun.cpu.isalist" value="amd64"/>
    <property name="sun.jnu.encoding" value="GBK"/>
    <property name="java.class.path" value="D:\work\mavendemo1\target\test-classes;D:\work\mavendemo1\target\classes;C:\Users\894113829\.m2\repository\junit\junit\4.11\junit-4.11.jar;C:\Users\894113829\.m2\repository\org\hamcrest\hamcrest-core\1.3\hamcrest-core-1.3.jar;"/>
    <property name="java.vm.vendor" value="Oracle Corporation"/>
    <property name="sun.arch.data.model" value="64"/>
    <property name="user.variant" value=""/>
    <property name="java.vendor.url" value="http://java.oracle.com/"/>
    <property name="user.timezone" value="Asia/Shanghai"/>
    <property name="java.vm.specification.version" value="1.8"/>
    <property name="os.name" value="Windows 10"/>
    <property name="user.country" value="CN"/>
    <property name="sun.java.launcher" value="SUN_STANDARD"/>
    <property name="sun.boot.library.path" value="E:\jdk1.8.0_191\jre\bin"/>
    <property name="sun.java.command" value="C:\Users\894113~1\AppData\Local\Temp\surefire5122943397001454245\surefirebooter693863069549227250.jar C:\Users\894113829\AppData\Local\Temp\surefire5122943397001454245 2022-05-23T07-25-15_722-jvmRun1 surefire2257966749094310558tmp surefire_05878567827777576149tmp"/>
    <property name="surefire.test.class.path" value="D:\work\mavendemo1\target\test-classes;D:\work\mavendemo1\target\classes;C:\Users\894113829\.m2\repository\junit\junit\4.11\junit-4.11.jar;C:\Users\894113829\.m2\repository\org\hamcrest\hamcrest-core\1.3\hamcrest-core-1.3.jar;"/>
    <property name="sun.cpu.endian" value="little"/>
    <property name="user.home" value="C:\Users\894113829"/>
    <property name="user.language" value="zh"/>
    <property name="java.specification.vendor" value="Oracle Corporation"/>
    <property name="java.home" value="E:\jdk1.8.0_191\jre"/>
    <property name="basedir" value="D:\work\mavendemo1"/>
    <property name="file.separator" value="\"/>
    <property name="line.separator" value="&#10;"/>
    <property name="java.vm.specification.vendor" value="Oracle Corporation"/>
    <property name="java.specification.name" value="Java Platform API Specification"/>
    <property name="java.awt.graphicsenv" value="sun.awt.Win32GraphicsEnvironment"/>
    <property name="surefire.real.class.path" value="C:\Users\894113~1\AppData\Local\Temp\surefire5122943397001454245\surefirebooter693863069549227250.jar"/>
    <property name="sun.boot.class.path" value="E:\jdk1.8.0_191\jre\lib\resources.jar;E:\jdk1.8.0_191\jre\lib\rt.jar;E:\jdk1.8.0_191\jre\lib\sunrsasign.jar;E:\jdk1.8.0_191\jre\lib\jsse.jar;E:\jdk1.8.0_191\jre\lib\jce.jar;E:\jdk1.8.0_191\jre\lib\charsets.jar;E:\jdk1.8.0_191\jre\lib\jfr.jar;E:\jdk1.8.0_191\jre\classes"/>
    <property name="user.script" value=""/>
    <property name="sun.management.compiler" value="HotSpot 64-Bit Tiered Compilers"/>
    <property name="java.runtime.version" value="1.8.0_191-b12"/>
    <property name="user.name" value="894113829"/>
    <property name="path.separator" value=";"/>
    <property name="os.version" value="10.0"/>
    <property name="java.endorsed.dirs" value="E:\jdk1.8.0_191\jre\lib\endorsed"/>
    <property name="java.runtime.name" value="Java(TM) SE Runtime Environment"/>
    <property name="file.encoding" value="GBK"/>
    <property name="java.vm.name" value="Java HotSpot(TM) 64-Bit Server VM"/>
    <property name="localRepository" value="C:\Users\894113829\.m2\repository"/>
    <property name="java.vendor.url.bug" value="http://bugreport.sun.com/bugreport/"/>
    <property name="java.io.tmpdir" value="C:\Users\894113~1\AppData\Local\Temp\"/>
    <property name="java.version" value="1.8.0_191"/>
    <property name="user.dir" value="D:\work\mavendemo1"/>
    <property name="os.arch" value="amd64"/>
    <property name="java.vm.specification.name" value="Java Virtual Machine Specification"/>
    <property name="java.awt.printerjob" value="sun.awt.windows.WPrinterJob"/>
    <property name="sun.os.patch.level" value=""/>
    <property name="java.library.path" value="E:\jdk1.8.0_191\jre\bin;C:\WINDOWS\Sun\Java\bin;C:\WINDOWS\system32;C:\WINDOWS;D:\DevInstall\apache-maven-3.6.1\bin;E:\DevInstall\texlive\2021\bin\win64;E:\DevInstall\texlive\2021\bin\win32;E:\jdk1.8.0_191\bin;%MYSQL_HOME%\bin;E:\jdk1.8.0_191\jre\bin;C:\Users\894113829\AppData\Local\Programs\Python\Python39;F:\soft\掳矛鹿芦脠铆录镁\Misc;%Sy;temRoot%\system32;C:\WINDOWS;C:\WINDOWS\System32\Wbem;C:\WINDOWS\System32\WindowsPowerShell\v1.0\;C:\WINDOWS\System32\OpenSSH\;D:\DevInstall\apache-maven-3.2.2\bin;F:\Git\Git\cmd;F:\Git\Git\usr\bin;c:\windows\system32;C:\Program Files\Redis\;F:\soft\脨麓脳梅鹿陇戮脽;D:\DevInstall\apache-maven-3.6.1\bin;D:\mysqlServer8.0\bin;C:\Users\894113829\AppData\Local\Programs\Python\Python39\Scripts;D:\现在\soft\IntelliJ IDEA Community Edition 2021.1.1\bin;;；%E:\jdk1.8.0_201%;F:\Git\Git\bin;D:\现在\soft\PyCharm 2018.3.5\bin;;D:\现在\soft\IntelliJ IDEA 2021.2\bin;;D:\DevInstall\apache-maven-3.2.2\bin;D:\DevInstall\apache-maven-3.6.1\bin;C:\Program Files\Redis;F:\soft\写作工具\miktex\bin\x64\;E:\Anaconda3;E:\Anaconda3\Scripts;E:\Anaconda3\Library\bin;E:\Anaconda3\Library\mingw-w64\bin;D:\现在\soft\vsCode\bin;."/>
    <property name="java.vm.info" value="mixed mode"/>
    <property name="java.vendor" value="Oracle Corporation"/>
    <property name="java.vm.version" value="25.191-b12"/>
    <property name="java.ext.dirs" value="E:\jdk1.8.0_191\jre\lib\ext;C:\WINDOWS\Sun\Java\lib\ext"/>
    <property name="sun.io.unicode.encoding" value="UnicodeLittle"/>
    <property name="java.class.version" value="52.0"/>
  </properties>
  <testcase name="shouldAnswerWithTrue" classname="com.now.mavendemo1.AppTest" time="0.003"/>
</testsuite>